I, [2015-01-01T09:01:58.668510 #932]  INFO -- : Cleared interactions before example "AnimalClient get cat when a cat exists returns a cat"
I, [2015-01-01T09:01:58.673086 #932]  INFO -- : Registered expected interaction GET /cat
D, [2015-01-01T09:01:58.673175 #932] DEBUG -- : {
  "description": "a request for a cat",
  "provider_state": "a cat exists",
  "request": {
    "method": "get",
    "path": "/cat",
    "query": ""
  },
  "response": {
    "status": 200,
    "headers": {
      "Content-Type": "application/json"
    },
    "body": {
      "cat_name": "Tom",
      "age": "8"
    }
  }
}
I, [2015-01-01T09:01:58.675943 #932]  INFO -- : Received request GET /cat
D, [2015-01-01T09:01:58.676029 #932] DEBUG -- : {
  "path": "/cat",
  "query": "",
  "method": "get",
  "headers": {
    "Accept-Encoding": "gzip;q=1.0,deflate;q=0.6,identity;q=0.3",
    "Accept": "*/*",
    "User-Agent": "Ruby",
    "Connection": "close",
    "Host": "localhost:1234",
    "Version": "HTTP/1.1"
  }
}
I, [2015-01-01T09:01:58.676134 #932]  INFO -- : Found matching response for GET /cat
D, [2015-01-01T09:01:58.676177 #932] DEBUG -- : {
  "status": 200,
  "headers": {
    "Content-Type": "application/json"
  },
  "body": {
    "cat_name": "Tom",
    "age": "8"
  }
}
I, [2015-01-01T09:01:58.681444 #932]  INFO -- : Verifying - interactions matched for example "AnimalClient get cat when a cat exists returns a cat"
I, [2015-01-01T09:01:58.686445 #932]  INFO -- : Cleared interactions before example "AnimalClient get cat when animal type isn't specified returns error message"
I, [2015-01-01T09:01:58.690583 #932]  INFO -- : Registered expected interaction GET /
D, [2015-01-01T09:01:58.690644 #932] DEBUG -- : {
  "description": "a request for a cat",
  "provider_state": "a cat does not exist",
  "request": {
    "method": "get",
    "path": ""
  },
  "response": {
    "status": 404,
    "headers": {
    },
    "body": {
      "error": "Request failed!"
    }
  }
}
I, [2015-01-01T09:01:58.693060 #932]  INFO -- : Received request GET /
D, [2015-01-01T09:01:58.693136 #932] DEBUG -- : {
  "path": "/",
  "query": "",
  "method": "get",
  "headers": {
    "Accept-Encoding": "gzip;q=1.0,deflate;q=0.6,identity;q=0.3",
    "Accept": "*/*",
    "User-Agent": "Ruby",
    "Connection": "close",
    "Host": "localhost:1234",
    "Version": "HTTP/1.1"
  }
}
I, [2015-01-01T09:01:58.693224 #932]  INFO -- : Found matching response for GET /
D, [2015-01-01T09:01:58.693262 #932] DEBUG -- : {
  "status": 404,
  "headers": {
  },
  "body": {
    "error": "Request failed!"
  }
}
I, [2015-01-01T09:01:58.695310 #932]  INFO -- : Verifying - interactions matched for example "AnimalClient get cat when animal type isn't specified returns error message"
I, [2015-01-01T09:01:58.699910 #932]  INFO -- : Cleared interactions before example "HealthClient get_cat_weight when cat weight exists returns cat weight"
I, [2015-01-01T09:01:58.712739 #932]  INFO -- : Verifying - interactions matched for example "HealthClient get_cat_weight when cat weight exists returns cat weight"
I, [2015-01-01T09:01:58.716847 #932]  INFO -- : Writing pact with details {:consumer=>{:name=>"animal App"}, :provider=>{:name=>"Animal Service"}, :pactfile_write_mode=>"overwrite", :pact_dir=>"/Users/ctuo/RubymineProjects/PactSamle/consumer/spec/pacts"}
I, [2015-01-01T09:01:58.716929 #932]  INFO -- : Writing pact for Animal Service to /Users/ctuo/RubymineProjects/PactSamle/consumer/spec/pacts/animal_app-animal_service.json
