I, [2015-01-01T09:01:58.670709 #932]  INFO -- : Cleared interactions before example "AnimalClient get cat when a cat exists returns a cat"
I, [2015-01-01T09:01:58.683878 #932]  INFO -- : Verifying - interactions matched for example "AnimalClient get cat when a cat exists returns a cat"
I, [2015-01-01T09:01:58.688401 #932]  INFO -- : Cleared interactions before example "AnimalClient get cat when animal type isn't specified returns error message"
I, [2015-01-01T09:01:58.697244 #932]  INFO -- : Verifying - interactions matched for example "AnimalClient get cat when animal type isn't specified returns error message"
I, [2015-01-01T09:01:58.702030 #932]  INFO -- : Cleared interactions before example "HealthClient get_cat_weight when cat weight exists returns cat weight"
I, [2015-01-01T09:01:58.704571 #932]  INFO -- : Registered expected interaction GET /cat
D, [2015-01-01T09:01:58.704679 #932] DEBUG -- : {
  "description": "a request for cat weight",
  "provider_state": "cat weight exists",
  "request": {
    "method": "get",
    "path": "/cat",
    "query": ""
  },
  "response": {
    "status": 200,
    "headers": {
      "Content-Type": "application/json"
    },
    "body": {
      "cat_weight": {
        "json_class": "Pact::Term",
        "data": {
          "generate": "10kg",
          "matcher": {"json_class":"Regexp","o":0,"s":"\\d+kg"}
        }
      }
    }
  }
}
I, [2015-01-01T09:01:58.707532 #932]  INFO -- : Received request GET /cat
D, [2015-01-01T09:01:58.707605 #932] DEBUG -- : {
  "path": "/cat",
  "query": "",
  "method": "get",
  "headers": {
    "Accept-Encoding": "gzip;q=1.0,deflate;q=0.6,identity;q=0.3",
    "Accept": "*/*",
    "User-Agent": "Ruby",
    "Connection": "close",
    "Host": "localhost:2345",
    "Version": "HTTP/1.1"
  }
}
I, [2015-01-01T09:01:58.707702 #932]  INFO -- : Found matching response for GET /cat
D, [2015-01-01T09:01:58.707797 #932] DEBUG -- : {
  "status": 200,
  "headers": {
    "Content-Type": "application/json"
  },
  "body": {
    "cat_weight": {
      "json_class": "Pact::Term",
      "data": {
        "generate": "10kg",
        "matcher": {
          "json_class": "Regexp",
          "o": 0,
          "s": "\\d+kg"
        }
      }
    }
  }
}
I, [2015-01-01T09:01:58.710412 #932]  INFO -- : Received request GET /cat
D, [2015-01-01T09:01:58.710469 #932] DEBUG -- : {
  "path": "/cat",
  "query": "",
  "method": "get",
  "headers": {
    "Accept-Encoding": "gzip;q=1.0,deflate;q=0.6,identity;q=0.3",
    "Accept": "*/*",
    "User-Agent": "Ruby",
    "Connection": "close",
    "Host": "localhost:2345",
    "Version": "HTTP/1.1"
  }
}
I, [2015-01-01T09:01:58.710570 #932]  INFO -- : Found matching response for GET /cat
D, [2015-01-01T09:01:58.710631 #932] DEBUG -- : {
  "status": 200,
  "headers": {
    "Content-Type": "application/json"
  },
  "body": {
    "cat_weight": {
      "json_class": "Pact::Term",
      "data": {
        "generate": "10kg",
        "matcher": {
          "json_class": "Regexp",
          "o": 0,
          "s": "\\d+kg"
        }
      }
    }
  }
}
I, [2015-01-01T09:01:58.714628 #932]  INFO -- : Verifying - interactions matched for example "HealthClient get_cat_weight when cat weight exists returns cat weight"
I, [2015-01-01T09:01:58.719686 #932]  INFO -- : Writing pact with details {:consumer=>{:name=>"animal App"}, :provider=>{:name=>"Health Service"}, :pactfile_write_mode=>"overwrite", :pact_dir=>"/Users/ctuo/RubymineProjects/PactSamle/consumer/spec/pacts"}
I, [2015-01-01T09:01:58.719754 #932]  INFO -- : Writing pact for Health Service to /Users/ctuo/RubymineProjects/PactSamle/consumer/spec/pacts/animal_app-health_service.json
